Build started 2015/4/16 0:49:35.
     1>Project "F:\Algorithms\KnapSack\Binomial Coefficients (二项式系数)\Binomial Coefficients (二项式系数).vcxproj" on node 2 (Build target(s)).
     1>ClCompile:
         E:\Program Files\Visual Studio\VC\bin\CL.exe /c /ZI /nologo /W3 /WX- /sdl /Od /Oy- /D WIN32 /D _DEBUG /D _CONSOLE /D _LIB /D _UNICODE /D UNICODE /Gm /EHsc /RTC1 /MDd /GS /fp:precise /Zc:wchar_t /Zc:forScope /Fo"Debug\\" /Fd"Debug\vc120.pdb" /Gd /TP /analyze- /errorReport:prompt BinomialCoefficients.cpp
         BinomialCoefficients.cpp
     1>f:\algorithms\knapsack\binomial coefficients (二项式系数)\binomialcoefficients.cpp(9): warning C4018: '<' : signed/unsigned mismatch
     1>f:\algorithms\knapsack\binomial coefficients (二项式系数)\binomialcoefficients.cpp(14): warning C4018: '<' : signed/unsigned mismatch
     1>f:\algorithms\knapsack\binomial coefficients (二项式系数)\binomialcoefficients.cpp(16): warning C4018: '<' : signed/unsigned mismatch
     1>f:\algorithms\knapsack\binomial coefficients (二项式系数)\binomialcoefficients.cpp(25): warning C4018: '<' : signed/unsigned mismatch
     1>f:\algorithms\knapsack\binomial coefficients (二项式系数)\binomialcoefficients.cpp(44): warning C4018: '<' : signed/unsigned mismatch
     1>f:\algorithms\knapsack\binomial coefficients (二项式系数)\binomialcoefficients.cpp(48): warning C4018: '<' : signed/unsigned mismatch
     1>f:\algorithms\knapsack\binomial coefficients (二项式系数)\binomialcoefficients.cpp(53): warning C4018: '<' : signed/unsigned mismatch
     1>f:\algorithms\knapsack\binomial coefficients (二项式系数)\binomialcoefficients.cpp(55): warning C4018: '<' : signed/unsigned mismatch
     1>f:\algorithms\knapsack\binomial coefficients (二项式系数)\binomialcoefficients.cpp(71): warning C4018: '<' : signed/unsigned mismatch
     1>f:\algorithms\knapsack\binomial coefficients (二项式系数)\binomialcoefficients.cpp(73): warning C4018: '<' : signed/unsigned mismatch
       Link:
         E:\Program Files\Visual Studio\VC\bin\link.exe /ERRORREPORT:PROMPT /OUT:"F:\Algorithms\KnapSack\Debug\Binomial Coefficients (二项式系数).exe" /INCREMENTAL /NOLOGO kernel32.lib user32.lib gdi32.lib winspool.lib comdlg32.lib advapi32.lib shell32.lib ole32.lib oleaut32.lib uuid.lib odbc32.lib odbccp32.lib /MANIFEST /MANIFESTUAC:"level='asInvoker' uiAccess='false'" /manifest:embed /DEBUG /PDB:"F:\Algorithms\KnapSack\Debug\Binomial Coefficients (二项式系数).pdb" /SUBSYSTEM:CONSOLE /TLBID:1 /DYNAMICBASE /NXCOMPAT /IMPLIB:"F:\Algorithms\KnapSack\Debug\Binomial Coefficients (二项式系数).lib" /MACHINE:X86 Debug\BinomialCoefficients.obj
         Binomial Coefficients (二项式系数).vcxproj -> F:\Algorithms\KnapSack\Debug\Binomial Coefficients (二项式系数).exe
     1>Done Building Project "F:\Algorithms\KnapSack\Binomial Coefficients (二项式系数)\Binomial Coefficients (二项式系数).vcxproj" (Build target(s)).

Build succeeded.

Time Elapsed 00:00:02.07
