Build started 2015/5/1 12:49:37.
     1>Project "F:\Algorithms\KnapSack\KnapSack\KnapSack.vcxproj" on node 2 (Build target(s)).
     1>ClCompile:
         E:\Program Files\Visual Studio\VC\bin\CL.exe /c /ZI /nologo /W3 /WX- /sdl /Od /Oy- /D WIN32 /D _DEBUG /D _CONSOLE /D _LIB /D _UNICODE /D UNICODE /Gm /EHsc /RTC1 /MDd /GS /fp:precise /Zc:wchar_t /Zc:forScope /Fo"Debug\\" /Fd"Debug\vc120.pdb" /Gd /TP /analyze- /errorReport:prompt KnapSack.cpp
         KnapSack.cpp
     1>f:\algorithms\knapsack\knapsack\knapsack.cpp(26): warning C4018: '<' : signed/unsigned mismatch
     1>f:\algorithms\knapsack\knapsack\knapsack.cpp(42): warning C4018: '<=' : signed/unsigned mismatch
     1>f:\algorithms\knapsack\knapsack\knapsack.cpp(57): warning C4018: '<=' : signed/unsigned mismatch
     1>f:\algorithms\knapsack\knapsack\knapsack.cpp(86): warning C4018: '<' : signed/unsigned mismatch
     1>f:\algorithms\knapsack\knapsack\knapsack.cpp(115): warning C4018: '<' : signed/unsigned mismatch
     1>f:\algorithms\knapsack\knapsack\knapsack.cpp(128): warning C4018: '<' : signed/unsigned mismatch
     1>f:\algorithms\knapsack\knapsack\knapsack.cpp(133): warning C4018: '<=' : signed/unsigned mismatch
     1>f:\algorithms\knapsack\knapsack\knapsack.cpp(137): warning C4018: '<' : signed/unsigned mismatch
       Link:
         E:\Program Files\Visual Studio\VC\bin\link.exe /ERRORREPORT:PROMPT /OUT:"F:\Algorithms\KnapSack\Debug\KnapSack.exe" /INCREMENTAL /NOLOGO kernel32.lib user32.lib gdi32.lib winspool.lib comdlg32.lib advapi32.lib shell32.lib ole32.lib oleaut32.lib uuid.lib odbc32.lib odbccp32.lib /MANIFEST /MANIFESTUAC:"level='asInvoker' uiAccess='false'" /manifest:embed /DEBUG /PDB:"F:\Algorithms\KnapSack\Debug\KnapSack.pdb" /SUBSYSTEM:CONSOLE /TLBID:1 /DYNAMICBASE /NXCOMPAT /IMPLIB:"F:\Algorithms\KnapSack\Debug\KnapSack.lib" /MACHINE:X86 Debug\Item.obj
         Debug\KnapSack.obj
         Debug\main.obj
         KnapSack.vcxproj -> F:\Algorithms\KnapSack\Debug\KnapSack.exe
     1>Done Building Project "F:\Algorithms\KnapSack\KnapSack\KnapSack.vcxproj" (Build target(s)).

Build succeeded.

Time Elapsed 00:00:05.41
